<?xml version="1.0" encoding="UTF-8"?>
<!-- Generated by org.testng.reporters.JUnitReportReporter -->
<testsuite hostname="aditya-HP-ProBook-640-G1" failures="0" tests="3" name="HomePageTest" time="39.771" errors="0" timestamp="2022-04-13T11:26:07 IST" skipped="0">
  <testcase classname="HomePageTest" name="enteringcredentials" time="3.470"/>
  <system-out/>
  <testcase classname="HomePageTest" name="AmzonOrderBooking" time="16.030"/>
  <system-out/>
  <testcase classname="HomePageTest" name="SearchingItem" time="20.271"/>
  <system-out/>
</testsuite> <!-- HomePageTest -->
