<?xml version="1.0" encoding="UTF-8"?>
<!-- Generated by org.testng.reporters.JUnitReportReporter -->
<testsuite hostname="aditya-HP-ProBook-640-G1" failures="0" tests="3" name="HomePageTest" time="43.178" errors="0" timestamp="2022-04-05T16:12:35 IST" skipped="0">
  <testcase classname="HomePageTest" name="enteringcredentials" time="7.961"/>
  <system-out/>
  <testcase classname="HomePageTest" name="AmzonOrderBooking" time="32.214"/>
  <system-out/>
  <testcase classname="HomePageTest" name="SearchingItem" time="3.003"/>
  <system-out/>
</testsuite> <!-- HomePageTest -->
