<?xml version="1.0" encoding="UTF-8"?>
<!-- Generated by org.testng.reporters.JUnitReportReporter -->
<testsuite hostname="aditya-HP-ProBook-640-G1" failures="0" tests="2" name="LoginTest" time="13.435" errors="0" timestamp="2022-02-28T14:07:36 IST" skipped="0">
  <testcase classname="LoginTest" name="enteringcredentials" time="3.279"/>
  <system-out/>
  <testcase classname="LoginTest" name="AmzonOrderBooking" time="10.156"/>
  <system-out/>
</testsuite> <!-- LoginTest -->
